  JenovaEngine.cpp
e:\pedro\jenova engine 2.0\jenova engine 2.0\jenova.h(1504): warning C4244: '=': conversion from 'double' to 'int32_t', possible loss of data
e:\pedro\jenova engine 2.0\jenova engine 2.0\jenova.h(1509): warning C4244: '=': conversion from 'double' to 'int32_t', possible loss of data
e:\pedro\jenova engine 2.0\jenova engine 2.0\jenova.h(1742): warning C4244: 'argument': conversion from 'double' to 'GLfloat', possible loss of data
e:\pedro\jenova engine 2.0\jenova engine 2.0\jenova.h(1743): warning C4244: 'argument': conversion from 'double' to 'GLfloat', possible loss of data
e:\pedro\jenova engine 2.0\jenova engine 2.0\jenova.h(1744): warning C4244: 'argument': conversion from 'double' to 'GLfloat', possible loss of data
e:\pedro\jenova engine 2.0\jenova engine 2.0\jenova.h(1745): warning C4244: 'argument': conversion from 'double' to 'GLfloat', possible loss of data
e:\pedro\jenova engine 2.0\jenova engine 2.0\jenova3d.h(202): warning C4244: 'argument': conversion from 'double' to 'float', possible loss of data
e:\pedro\jenova engine 2.0\jenova engine 2.0\jenova3d.h(203): warning C4244: 'argument': conversion from 'double' to 'float', possible loss of data
e:\pedro\jenova engine 2.0\jenova engine 2.0\jenova3d.h(204): warning C4244: 'argument': conversion from 'double' to 'float', possible loss of data
e:\pedro\jenova engine 2.0\jenova engine 2.0\jenova3d.h(205): warning C4244: 'argument': conversion from 'double' to 'float', possible loss of data
e:\pedro\jenova engine 2.0\jenova engine 2.0\jenova3d.h(213): warning C4244: 'argument': conversion from 'double' to 'float', possible loss of data
e:\pedro\jenova engine 2.0\jenova engine 2.0\jenova3d.h(214): warning C4244: 'argument': conversion from 'double' to 'float', possible loss of data
e:\pedro\jenova engine 2.0\jenova engine 2.0\jenova3d.h(215): warning C4244: 'argument': conversion from 'double' to 'float', possible loss of data
e:\pedro\jenova engine 2.0\jenova engine 2.0\jenova3d.h(217): warning C4244: 'argument': conversion from 'double' to 'float', possible loss of data
e:\pedro\jenova engine 2.0\jenova engine 2.0\jenova3d.h(225): warning C4244: 'argument': conversion from 'double' to 'float', possible loss of data
e:\pedro\jenova engine 2.0\jenova engine 2.0\jenova3d.h(226): warning C4244: 'argument': conversion from 'double' to 'float', possible loss of data
e:\pedro\jenova engine 2.0\jenova engine 2.0\jenova3d.h(227): warning C4244: 'argument': conversion from 'double' to 'float', possible loss of data
e:\pedro\jenova engine 2.0\jenova engine 2.0\jenova3d.h(228): warning C4244: 'argument': conversion from 'double' to 'float', possible loss of data
e:\pedro\jenova engine 2.0\jenova engine 2.0\jenova3d.h(259): warning C4244: 'argument': conversion from 'double' to 'float', possible loss of data
e:\pedro\jenova engine 2.0\jenova engine 2.0\jenova3d.h(402): warning C4244: 'argument': conversion from 'double' to 'float', possible loss of data
e:\pedro\jenova engine 2.0\jenova engine 2.0\jenova3d.h(577): warning C4244: 'argument': conversion from 'double' to 'int32_t', possible loss of data
e:\pedro\jenova engine 2.0\jenova engine 2.0\jenova3d.h(582): warning C4244: 'argument': conversion from 'double' to 'int32_t', possible loss of data
e:\pedro\jenova engine 2.0\jenova engine 2.0\jenova3d.h(661): warning C4244: 'initializing': conversion from 'double' to 'int', possible loss of data
e:\pedro\jenova engine 2.0\jenova engine 2.0\jenova3d.h(662): warning C4244: 'initializing': conversion from 'double' to 'int', possible loss of data
e:\pedro\jenova engine 2.0\jenova engine 2.0\jenova3d.h(705): warning C4244: 'initializing': conversion from 'double' to 'int', possible loss of data
e:\pedro\jenova engine 2.0\jenova engine 2.0\jenova3d.h(706): warning C4244: 'initializing': conversion from 'double' to 'int', possible loss of data
e:\pedro\jenova engine 2.0\jenova engine 2.0\jenova3d.h(770): warning C4244: 'initializing': conversion from 'double' to 'int', possible loss of data
e:\pedro\jenova engine 2.0\jenova engine 2.0\jenova3d.h(771): warning C4244: 'initializing': conversion from 'double' to 'int', possible loss of data
e:\pedro\jenova engine 2.0\jenova engine 2.0\jenova3d.h(842): warning C4244: 'initializing': conversion from 'double' to 'int', possible loss of data
e:\pedro\jenova engine 2.0\jenova engine 2.0\jenova3d.h(843): warning C4244: 'initializing': conversion from 'double' to 'int', possible loss of data
e:\pedro\jenova engine 2.0\jenova engine 2.0\jenova3d.h(848): warning C4244: 'initializing': conversion from 'double' to 'int', possible loss of data
e:\pedro\jenova engine 2.0\jenova engine 2.0\jenova3d.h(849): warning C4244: 'initializing': conversion from 'double' to 'int', possible loss of data
e:\pedro\jenova engine 2.0\jenova engine 2.0\jenova3d.h(880): warning C4244: 'initializing': conversion from 'double' to 'int', possible loss of data
e:\pedro\jenova engine 2.0\jenova engine 2.0\jenova3d.h(882): warning C4244: 'initializing': conversion from 'double' to 'int', possible loss of data
e:\pedro\jenova engine 2.0\jenova engine 2.0\jenova3d.h(883): warning C4244: 'initializing': conversion from 'double' to 'int', possible loss of data
e:\pedro\jenova engine 2.0\jenova engine 2.0\jenova3d.h(925): warning C4244: '=': conversion from 'double' to 'int', possible loss of data
e:\pedro\jenova engine 2.0\jenova engine 2.0\jenova3d.h(926): warning C4244: '=': conversion from 'double' to 'int', possible loss of data
e:\pedro\jenova engine 2.0\jenova engine 2.0\jenova3d.h(946): warning C4244: 'initializing': conversion from 'double' to 'int', possible loss of data
e:\pedro\jenova engine 2.0\jenova engine 2.0\jenova3d.h(948): warning C4244: 'initializing': conversion from 'double' to 'int', possible loss of data
e:\pedro\jenova engine 2.0\jenova engine 2.0\jenova3d.h(949): warning C4244: 'initializing': conversion from 'double' to 'int', possible loss of data
e:\pedro\jenova engine 2.0\jenova engine 2.0\jenova3d.h(1199): warning C4244: 'argument': conversion from 'double' to 'int', possible loss of data
e:\pedro\jenova engine 2.0\jenova engine 2.0\jenova3d.h(1198): warning C4244: 'argument': conversion from 'double' to 'int', possible loss of data
e:\pedro\jenova engine 2.0\jenova engine 2.0\jenova3d.h(1197): warning C4244: 'argument': conversion from 'double' to 'int', possible loss of data
  Jenova Engine 2.0.vcxproj -> E:\Pedro\Jenova Engine 2.0\Debug\Jenova Engine 2.0.exe
